<?xml version="1.0" encoding="UTF-8"?>
<testng-results ignored="0" total="1" passed="1" failed="0" skipped="0">
  <reporter-output>
  </reporter-output>
  <suite started-at="2023-07-12T19:15:17 IST" name="Suite" finished-at="2023-07-12T19:16:53 IST" duration-ms="95288">
    <groups>
    </groups>
    <test started-at="2023-07-12T19:15:17 IST" name="one-sutherland" finished-at="2023-07-12T19:16:53 IST" duration-ms="95288">
      <class name="bat.NewTest">
        <test-method is-config="true" signature="report()[pri:0, instance:bat.NewTest@121314f7]" started-at="2023-07-12T19:15:17 IST" name="report" finished-at="2023-07-12T19:15:18 IST" duration-ms="667" status="PASS">
          <reporter-output>
          </reporter-output>
        </test-method> <!-- report -->
        <test-method signature="userTest(java.lang.String,java.lang.String,java.lang.String,java.lang.String,java.lang.String,java.lang.String)[pri:1, instance:bat.NewTest@121314f7]" started-at="2023-07-12T19:15:20 IST" name="userTest" data-provider="getRegistrationTestData" finished-at="2023-07-12T19:16:51 IST" duration-ms="90658" status="PASS">
          <params>
            <param index="0">
              <value>
                <![CDATA[Shriprasanna]]>
              </value>
            </param>
            <param index="1">
              <value>
                <![CDATA[Sivakumar]]>
              </value>
            </param>
            <param index="2">
              <value>
                <![CDATA[India (भारत)]]>
              </value>
            </param>
            <param index="3">
              <value>
                <![CDATA[9876405678]]>
              </value>
            </param>
            <param index="4">
              <value>
                <![CDATA[Welcome@123]]>
              </value>
            </param>
            <param index="5">
              <value>
                <![CDATA[Welcome@123]]>
              </value>
            </param>
          </params>
          <reporter-output>
          </reporter-output>
        </test-method> <!-- userTest -->
        <test-method is-config="true" signature="endReport()[pri:0, instance:bat.NewTest@121314f7]" started-at="2023-07-12T19:16:51 IST" name="endReport" finished-at="2023-07-12T19:16:53 IST" duration-ms="1859" status="PASS">
          <reporter-output>
          </reporter-output>
        </test-method> <!-- endReport -->
      </class> <!-- bat.NewTest -->
    </test> <!-- one-sutherland -->
  </suite> <!-- Suite -->
</testng-results>
