<?xml version="1.0" encoding="UTF-8"?>
<!-- Generated by org.testng.reporters.JUnitXMLReporter -->
<testsuite ignored="0" hostname="DESKTOP-HTOPIB8" failures="1" tests="1" name="Test" time="2.322" errors="0" timestamp="2023-07-12T03:47:17 IST">
  <testcase classname="bat.NewTest" name="userRegistration" time="2.205">
    <failure type="org.testng.internal.reflect.MethodMatcherException" message="
[public void bat.NewTest.userRegistration(java.lang.String,java.lang.String,java.lang.String,java.lang.String,java.lang.String,java.lang.String) throws java.lang.Exception] has no parameters defined but was found to be using a data provider (either explicitly specified or inherited from class level annotation).
Data provider mismatch
Method: userRegistration([Parameter{index=0, type=java.lang.String, declaredAnnotations=[]}, Parameter{index=1, type=java.lang.String, declaredAnnotations=[]}, Parameter{index=2, type=java.lang.String, declaredAnnotations=[]}, Parameter{index=3, type=java.lang.String, declaredAnnotations=[]}, Parameter{index=4, type=java.lang.String, declaredAnnotations=[]}, Parameter{index=5, type=java.lang.String, declaredAnnotations=[]}])
Arguments: [(java.lang.String) https://www.jobs.sutherlandglobal.com/,(java.lang.String) Shriprasanna,(java.lang.String) k S,(java.lang.String) 9.87654689E9,(java.lang.String) Welcome@123,(java.lang.String) Welcome@123,(java.lang.String) India (भारत)]">
      <![CDATA[org.testng.internal.reflect.MethodMatcherException: 
[public void bat.NewTest.userRegistration(java.lang.String,java.lang.String,java.lang.String,java.lang.String,java.lang.String,java.lang.String) throws java.lang.Exception] has no parameters defined but was found to be using a data provider (either explicitly specified or inherited from class level annotation).
Data provider mismatch
Method: userRegistration([Parameter{index=0, type=java.lang.String, declaredAnnotations=[]}, Parameter{index=1, type=java.lang.String, declaredAnnotations=[]}, Parameter{index=2, type=java.lang.String, declaredAnnotations=[]}, Parameter{index=3, type=java.lang.String, declaredAnnotations=[]}, Parameter{index=4, type=java.lang.String, declaredAnnotations=[]}, Parameter{index=5, type=java.lang.String, declaredAnnotations=[]}])
Arguments: [(java.lang.String) https://www.jobs.sutherlandglobal.com/,(java.lang.String) Shriprasanna,(java.lang.String) k S,(java.lang.String) 9.87654689E9,(java.lang.String) Welcome@123,(java.lang.String) Welcome@123,(java.lang.String) India (भारत)]
at java.base/java.util.ArrayList.forEach(ArrayList.java:1511)
... Removed 22 stack frames]]>
    </failure>
  </testcase> <!-- userRegistration -->
</testsuite> <!-- Test -->
